<?xml version="1.0" encoding="UTF-8"?>
<testng-results skipped="0" failed="0" ignored="0" total="1" passed="1">
  <reporter-output>
  </reporter-output>
  <suite name="Default suite" duration-ms="17994" started-at="2021-11-16T18:31:26Z" finished-at="2021-11-16T18:31:44Z">
    <groups>
    </groups>
    <test name="Default test" duration-ms="17994" started-at="2021-11-16T18:31:26Z" finished-at="2021-11-16T18:31:44Z">
      <class name="com.practice.test.SpotonAuotmationTest">
        <test-method status="PASS" signature="setUp()[pri:0, instance:com.practice.test.SpotonAuotmationTest@42d80b78]" name="setUp" is-config="true" duration-ms="5443" started-at="2021-11-16T18:31:26Z" finished-at="2021-11-16T18:31:32Z">
          <reporter-output>
          </reporter-output>
        </test-method> <!-- setUp -->
        <test-method status="PASS" signature="selenium_automation_test()[pri:0, instance:com.practice.test.SpotonAuotmationTest@42d80b78]" name="selenium_automation_test" duration-ms="12537" started-at="2021-11-16T18:31:32Z" finished-at="2021-11-16T18:31:44Z">
          <reporter-output>
          </reporter-output>
        </test-method> <!-- selenium_automation_test -->
        <test-method status="PASS" signature="tearDown()[pri:0, instance:com.practice.test.SpotonAuotmationTest@42d80b78]" name="tearDown" is-config="true" duration-ms="0" started-at="2021-11-16T18:31:44Z" finished-at="2021-11-16T18:31:44Z">
          <reporter-output>
          </reporter-output>
        </test-method> <!-- tearDown -->
      </class> <!-- com.practice.test.SpotonAuotmationTest -->
    </test> <!-- Default test -->
  </suite> <!-- Default suite -->
</testng-results>
